ISim log file
Running: /home/santi/VLSI/xilinx/image_add/memrw_isim_beh.exe -intstyle ise -gui -tclbatch isim.cmd -wdb /home/santi/VLSI/xilinx/image_add/memrw_isim_beh.wdb 
ISim P.20131013 (signature 0xfbc00daa)
----------------------------------------------------------------------
INFO:Security:51 - The XILINXD_LICENSE_FILE environment variable is not set.
INFO:Security:53 - The LM_LICENSE_FILE environment variable is not set.
INFO:Security:68a - user is santi, on host unknown.
WARNING:Security:43 - No license file was found in the standard Xilinx license directory.
WARNING:Security:44 - Since no license file was found,
       please run the Xilinx License Configuration Manager
       (xlcm or "Manage Xilinx Licenses")
       to assist in obtaining a license.
ERROR:Security:14 - No feature was available for 'ISIM'.

No such feature exists.
Feature:       ISIM
License path:  /home/santi/.Xilinx/*.lic:/home/santi/xilinx/14.7/ISE_DS/ISE//data/*.lic:/home/santi/xilinx/14.7/ISE_DS/ISE//coregen/core_licenses/Xilinx.lic:/home/santi/xilinx/14.7/ISE_DS/ISE//coregen/core_licenses/XilinxFree.lic:
FLEXnet Licensing error:-5,357
For further information, refer to the FLEXnet Licensing documentation,
available at "www.flexerasoftware.com".
----------------------------------------------------------------------
WARNING: A full ISim License cannot be checked out due to the issues listed above. Please use Xilinx License Configuration Manager to fix these issues in order to check out a full ISim license.
WARNING: ISim will run in Lite mode. Please refer to the ISim documentation for more information on the differences between the Lite and the Full version.
This is a Lite version of ISim.
Time resolution is 1 ps
# onerror resume
# wave add /
# run 1000 ns
Simulator is doing circuit initialization process.
 Block Memory Generator CORE Generator module loading initial data...
 Block Memory Generator data initialization complete.
Block Memory Generator CORE Generator module memrw.b1.inst.\native_mem_module.blk_mem_gen_v7_3_inst  is using a behavioral model for simulation which will not precisely model memory collision behavior.
 Block Memory Generator CORE Generator module loading initial data...
 Block Memory Generator data initialization complete.
Block Memory Generator CORE Generator module memrw.b2.inst.\native_mem_module.blk_mem_gen_v7_3_inst  is using a behavioral model for simulation which will not precisely model memory collision behavior.
 Block Memory Generator CORE Generator module loading initial data...
 Block Memory Generator data initialization complete.
Block Memory Generator CORE Generator module memrw.sum.inst.\native_mem_module.blk_mem_gen_v7_3_inst  is using a behavioral model for simulation which will not precisely model memory collision behavior.
Finished circuit initialization process.
# isim force add /memrw/rst 1 -radix bin
# isim force add /memrw/clk 1 -radix bin -value 0 -radix bin -time 500 ps -repeat 1 ns
# run 1.00ns
# run 1.00ns
# run 1.00ns
# run 1.00ns
# run 1.00ns
# show driver /memrw/rst
/memrw/rst has no drivers.
# isim force add /memrw/rst 1 -radix bin
# isim force add /memrw/rst 1 -radix bin
# run 1.00ns
# run 1.00ns
# isim force add /memrw/rst 0 -radix bin
# run 1.00ns
# run 1.00ns
# run 1.00ns
# run 1.00ns
# run 1.00ns
# run 1.00ns
# run 1.00ns
ISim P.20131013 (signature 0xfbc00daa)
----------------------------------------------------------------------
INFO:Security:51 - The XILINXD_LICENSE_FILE environment variable is not set.
INFO:Security:53 - The LM_LICENSE_FILE environment variable is not set.
INFO:Security:68a - user is santi, on host unknown.
WARNING:Security:43 - No license file was found in the standard Xilinx license directory.
WARNING:Security:44 - Since no license file was found,
       please run the Xilinx License Configuration Manager
       (xlcm or "Manage Xilinx Licenses")
       to assist in obtaining a license.
ERROR:Security:14 - No feature was available for 'ISIM'.

No such feature exists.
Feature:       ISIM
License path:  /home/santi/.Xilinx/*.lic:/home/santi/xilinx/14.7/ISE_DS/ISE//data/*.lic:/home/santi/xilinx/14.7/ISE_DS/ISE//coregen/core_licenses/Xilinx.lic:/home/santi/xilinx/14.7/ISE_DS/ISE//coregen/core_licenses/XilinxFree.lic:
FLEXnet Licensing error:-5,357
For further information, refer to the FLEXnet Licensing documentation,
available at "www.flexerasoftware.com".
----------------------------------------------------------------------
WARNING: A full ISim License cannot be checked out due to the issues listed above. Please use Xilinx License Configuration Manager to fix these issues in order to check out a full ISim license.
WARNING: ISim will run in Lite mode. Please refer to the ISim documentation for more information on the differences between the Lite and the Full version.
This is a Lite version of ISim.
# run 1000 ns
Simulator is doing circuit initialization process.
 Block Memory Generator CORE Generator module loading initial data...
 Block Memory Generator data initialization complete.
Block Memory Generator CORE Generator module memrw.b1.inst.\native_mem_module.blk_mem_gen_v7_3_inst  is using a behavioral model for simulation which will not precisely model memory collision behavior.
 Block Memory Generator CORE Generator module loading initial data...
 Block Memory Generator data initialization complete.
Block Memory Generator CORE Generator module memrw.b2.inst.\native_mem_module.blk_mem_gen_v7_3_inst  is using a behavioral model for simulation which will not precisely model memory collision behavior.
 Block Memory Generator CORE Generator module loading initial data...
 Block Memory Generator data initialization complete.
Block Memory Generator CORE Generator module memrw.sum.inst.\native_mem_module.blk_mem_gen_v7_3_inst  is using a behavioral model for simulation which will not precisely model memory collision behavior.
Finished circuit initialization process.
# isim force add /memrw/rst 1 -radix bin
# isim force add /memrw/clk 1 -radix bin -value 0 -radix bin -time 500 ps -repeat 1 ns
# run 1.00ns
# isim force add /memrw/rst 0 -radix bin
# run 1.00ns
# run 1.00ns
# run 1.00ns
# run 1.00ns
# run 1.00ns
# run 1.00ns
# run 1.00ns
# run 1.00ns
# run 1.00ns
# run 50.00ns
# run 1.00ns
# run 1.00ns
# run 1.00ns
# run 1.00ns
# run 1.00ns
# run 1.00ns
# run 1.00ns
# run 1.00ns
# run 1.00ns
# run 1.00ns
# exit 0
