Command line:
   pairity_generator_8_bit_isim_beh.exe
     -simmode  gui
     -simrunnum  0
     -socket  44749

Tue Oct  6 15:15:31 2020


 Elaboration Time: 0.01 sec

 Current Memory Usage: 183.878 Meg

 Total Signals          : 16
 Total Nets             : 23
 Total Signal Drivers   : 7
 Total Blocks           : 2
 Total Primitive Blocks : 2
 Total Processes        : 8
 Total Traceable Variables  : 18
 Total Scalar Nets and Variables : 103
Total Line Count : 16

 Total Simulation Time: 0.1 sec

 Current Memory Usage: 259.379 Meg

Tue Oct  6 15:17:58 2020

