Release 14.7 - xst P.20131013 (lin64)
Copyright (c) 1995-2013 Xilinx, Inc.  All rights reserved.
--> 
Parameter TMPDIR set to xst/projnav.tmp


Total REAL time to Xst completion: 0.00 secs
Total CPU time to Xst completion: 0.05 secs
 
--> 
Parameter xsthdpdir set to xst


Total REAL time to Xst completion: 0.00 secs
Total CPU time to Xst completion: 0.05 secs
 
--> 
Reading design: arraymult_16bit.prj

TABLE OF CONTENTS
  1) Synthesis Options Summary
  2) HDL Parsing
  3) HDL Elaboration
  4) HDL Synthesis
       4.1) HDL Synthesis Report
  5) Advanced HDL Synthesis
       5.1) Advanced HDL Synthesis Report
  6) Low Level Synthesis
  7) Partition Report
  8) Design Summary
       8.1) Primitive and Black Box Usage
       8.2) Device utilization summary
       8.3) Partition Resource Summary
       8.4) Timing Report
            8.4.1) Clock Information
            8.4.2) Asynchronous Control Signals Information
            8.4.3) Timing Summary
            8.4.4) Timing Details
            8.4.5) Cross Clock Domains Report


=========================================================================
*                      Synthesis Options Summary                        *
=========================================================================
---- Source Parameters
Input File Name                    : "arraymult_16bit.prj"
Ignore Synthesis Constraint File   : NO

---- Target Parameters
Output File Name                   : "arraymult_16bit"
Output Format                      : NGC
Target Device                      : xc7vx485t-2-ffg1157

---- Source Options
Top Module Name                    : arraymult_16bit
Automatic FSM Extraction           : YES
FSM Encoding Algorithm             : Auto
Safe Implementation                : No
FSM Style                          : LUT
RAM Extraction                     : Yes
RAM Style                          : Auto
ROM Extraction                     : Yes
Shift Register Extraction          : YES
ROM Style                          : Auto
Resource Sharing                   : YES
Asynchronous To Synchronous        : NO
Shift Register Minimum Size        : 2
Use DSP Block                      : Auto
Automatic Register Balancing       : No

---- Target Options
LUT Combining                      : Auto
Reduce Control Sets                : Auto
Add IO Buffers                     : YES
Global Maximum Fanout              : 100000
Add Generic Clock Buffer(BUFG)     : 32
Register Duplication               : YES
Optimize Instantiated Primitives   : NO
Use Clock Enable                   : Auto
Use Synchronous Set                : Auto
Use Synchronous Reset              : Auto
Pack IO Registers into IOBs        : Auto
Equivalent register Removal        : YES

---- General Options
Optimization Goal                  : Speed
Optimization Effort                : 1
Power Reduction                    : NO
Keep Hierarchy                     : No
Netlist Hierarchy                  : As_Optimized
RTL Output                         : Yes
Global Optimization                : AllClockNets
Read Cores                         : YES
Write Timing Constraints           : NO
Cross Clock Analysis               : NO
Hierarchy Separator                : /
Bus Delimiter                      : <>
Case Specifier                     : Maintain
Slice Utilization Ratio            : 100
BRAM Utilization Ratio             : 100
DSP48 Utilization Ratio            : 100
Auto BRAM Packing                  : NO
Slice Utilization Ratio Delta      : 5

=========================================================================


=========================================================================
*                          HDL Parsing                                  *
=========================================================================
Analyzing Verilog file "/home/santi/VLSI/xilinx/array_multiplier-16_bit/array_multiplier-16_bit.v" into library work
Parsing verilog file "halfadder.v" included at line 2.
Parsing module <halfadder>.
Parsing verilog file "fulladder.v" included at line 3.
Parsing module <fulladder>.
Parsing module <arraymult_16bit>.
WARNING:HDLCompiler:248 - "/home/santi/VLSI/xilinx/array_multiplier-16_bit/array_multiplier-16_bit.v" Line 48: Block identifier is required on this block

=========================================================================
*                            HDL Elaboration                            *
=========================================================================

Elaborating module <arraymult_16bit>.

Elaborating module <halfadder>.

Elaborating module <fulladder>.

=========================================================================
*                           HDL Synthesis                               *
=========================================================================

Synthesizing Unit <arraymult_16bit>.
    Related source file is "/home/santi/VLSI/xilinx/array_multiplier-16_bit/array_multiplier-16_bit.v".
    Summary:
	no macro.
Unit <arraymult_16bit> synthesized.

Synthesizing Unit <halfadder>.
    Related source file is "/home/santi/VLSI/xilinx/array_multiplier-16_bit/halfadder.v".
    Summary:
Unit <halfadder> synthesized.

Synthesizing Unit <fulladder>.
    Related source file is "/home/santi/VLSI/xilinx/array_multiplier-16_bit/fulladder.v".
    Summary:
Unit <fulladder> synthesized.

=========================================================================
HDL Synthesis Report

Macro Statistics
# Xors                                                 : 464
 1-bit xor2                                            : 464

=========================================================================

=========================================================================
*                       Advanced HDL Synthesis                          *
=========================================================================


=========================================================================
Advanced HDL Synthesis Report

Macro Statistics
# Xors                                                 : 464
 1-bit xor2                                            : 464

=========================================================================

=========================================================================
*                         Low Level Synthesis                           *
=========================================================================

Optimizing unit <arraymult_16bit> ...

Mapping all equations...
Building and optimizing final netlist ...
Found area constraint ratio of 100 (+ 5) on block arraymult_16bit, actual ratio is 0.

Final Macro Processing ...

=========================================================================
Final Register Report

Found no macro
=========================================================================

=========================================================================
*                           Partition Report                            *
=========================================================================

Partition Implementation Status
-------------------------------

  No Partitions were found in this design.

-------------------------------

=========================================================================
*                            Design Summary                             *
=========================================================================

Top Level Output File Name         : arraymult_16bit.ngc

Primitive and Black Box Usage:
------------------------------
# BELS                             : 362
#      LUT2                        : 22
#      LUT4                        : 93
#      LUT5                        : 8
#      LUT6                        : 239
# IO Buffers                       : 64
#      IBUF                        : 32
#      OBUF                        : 32

Device utilization summary:
---------------------------

Selected Device : 7vx485tffg1157-2 


Slice Logic Utilization: 
 Number of Slice LUTs:                  362  out of  303600     0%  
    Number used as Logic:               362  out of  303600     0%  

Slice Logic Distribution: 
 Number of LUT Flip Flop pairs used:    362
   Number with an unused Flip Flop:     362  out of    362   100%  
   Number with an unused LUT:             0  out of    362     0%  
   Number of fully used LUT-FF pairs:     0  out of    362     0%  
   Number of unique control sets:         0

IO Utilization: 
 Number of IOs:                          64
 Number of bonded IOBs:                  64  out of    600    10%  

Specific Feature Utilization:

---------------------------
Partition Resource Summary:
---------------------------

  No Partitions were found in this design.

---------------------------


=========================================================================
Timing Report

NOTE: THESE TIMING NUMBERS ARE ONLY A SYNTHESIS ESTIMATE.
      FOR ACCURATE TIMING INFORMATION PLEASE REFER TO THE TRACE REPORT
      GENERATED AFTER PLACE-and-ROUTE.

Clock Information:
------------------
No clock signals found in this design

Asynchronous Control Signals Information:
----------------------------------------
No asynchronous control signals found in this design

Timing Summary:
---------------
Speed Grade: -2

   Minimum period: No path found
   Minimum input arrival time before clock: No path found
   Maximum output required time after clock: No path found
   Maximum combinational path delay: 14.965ns

Timing Details:
---------------
All values displayed in nanoseconds (ns)

=========================================================================
Timing constraint: Default path analysis
  Total number of paths / destination ports: 10156013 / 32
-------------------------------------------------------------------------
Delay:               14.965ns (Levels of Logic = 25)
  Source:            a<13> (PAD)
  Destination:       product<30> (PAD)

  Data Path: a<13> to product<30>
                                Gate     Net
    Cell:in->out      fanout   Delay   Delay  Logical Name (Net Name)
    ----------------------------------------  ------------
     IBUF:I->O            27   0.000   0.742  a_13_IBUF (a_13_IBUF)
     LUT6:I0->O            3   0.043   0.417  until_2<15>/cout1 (carry2<15>)
     LUT4:I2->O            2   0.043   0.618  until_3<16>/Mxor_sum_xo<0>1 (sum3<16>)
     LUT6:I0->O            2   0.043   0.618  until_4<16>/Mxor_sum_xo<0>1 (sum4<16>)
     LUT6:I0->O            2   0.043   0.618  until_5<16>/Mxor_sum_xo<0>1 (sum5<16>)
     LUT6:I0->O            2   0.043   0.618  until_6<16>/Mxor_sum_xo<0>1 (sum6<16>)
     LUT6:I0->O            2   0.043   0.618  until_7<16>/Mxor_sum_xo<0>1 (sum7<16>)
     LUT6:I0->O            2   0.043   0.618  until_8<16>/Mxor_sum_xo<0>1 (sum8<16>)
     LUT6:I0->O            2   0.043   0.618  until_9<16>/Mxor_sum_xo<0>1 (sum9<16>)
     LUT6:I0->O            2   0.043   0.618  until_10<16>/Mxor_sum_xo<0>1 (sum10<16>)
     LUT6:I0->O            2   0.043   0.618  until_11<16>/Mxor_sum_xo<0>1 (sum11<16>)
     LUT6:I0->O            2   0.043   0.618  until_12<16>/Mxor_sum_xo<0>1 (sum12<16>)
     LUT6:I0->O            2   0.043   0.618  until_13<16>/Mxor_sum_xo<0>1 (sum13<16>)
     LUT6:I0->O            2   0.043   0.618  until_14<16>/Mxor_sum_xo<0>1 (sum14<16>)
     LUT6:I0->O            2   0.043   0.618  until_15<16>/Mxor_sum_xo<0>1 (sum15<16>)
     LUT6:I0->O            3   0.043   0.534  add16/carry1 (carry16<16>)
     LUT6:I2->O            3   0.043   0.534  until_16<18>/cout1 (carry16<18>)
     LUT6:I2->O            3   0.043   0.534  until_16<20>/cout1 (carry16<20>)
     LUT6:I2->O            3   0.043   0.534  until_16<22>/cout1 (carry16<22>)
     LUT6:I2->O            3   0.043   0.534  until_16<24>/cout1 (carry16<24>)
     LUT6:I2->O            3   0.043   0.534  until_16<26>/cout1 (carry16<26>)
     LUT6:I2->O            2   0.043   0.618  until_16<28>/cout1 (carry16<28>)
     LUT6:I0->O            2   0.043   0.618  until_16<29>/cout1 (carry16<29>)
     LUT6:I0->O            1   0.043   0.339  until_16<30>/Mxor_sum_xo<0>1 (product_30_OBUF)
     OBUF:I->O                 0.000          product_30_OBUF (product<30>)
    ----------------------------------------
    Total                     14.965ns (0.989ns logic, 13.976ns route)
                                       (6.6% logic, 93.4% route)

=========================================================================

Cross Clock Domains Report:
--------------------------

=========================================================================


Total REAL time to Xst completion: 19.00 secs
Total CPU time to Xst completion: 17.31 secs
 
--> 


Total memory usage is 487272 kilobytes

Number of errors   :    0 (   0 filtered)
Number of warnings :    1 (   0 filtered)
Number of infos    :    0 (   0 filtered)

