#! /usr/bin/vvp
:ivl_version "10.3 (stable)";
:ivl_delay_selection "TYPICAL";
:vpi_time_precision + 0;
:vpi_module "system";
:vpi_module "vhdl_sys";
:vpi_module "v2005_math";
:vpi_module "va_math";
S_0x56547e6f90e0 .scope module, "top" "top" 2 3;
 .timescale 0 0;
v0x56547e72ffd0_0 .var "clk", 0 0;
v0x56547e730090_0 .net "out", 7 0, L_0x56547e737480;  1 drivers
v0x56547e730150_0 .var "parallel_in", 7 0;
v0x56547e7301f0_0 .var "s0", 0 0;
v0x56547e730290_0 .var "s1", 0 0;
v0x56547e730380_0 .var "shift_left_input", 0 0;
v0x56547e730420_0 .var "shift_right_input", 0 0;
S_0x56547e7070b0 .scope module, "shift_register" "eightbitsr" 2 11, 3 3 0, S_0x56547e6f90e0;
 .timescale 0 0;
    .port_info 0 /INPUT 1 "clk"
    .port_info 1 /INPUT 1 "s0"
    .port_info 2 /INPUT 1 "s1"
    .port_info 3 /INPUT 8 "parallel_in"
    .port_info 4 /INPUT 1 "shift_left_input"
    .port_info 5 /INPUT 1 "shift_right_input"
    .port_info 6 /OUTPUT 8 "out"
v0x56547e72f940_0 .net "clk", 0 0, v0x56547e72ffd0_0;  1 drivers
v0x56547e72fa00_0 .net "out", 7 0, L_0x56547e737480;  alias, 1 drivers
v0x56547e72fae0_0 .net "parallel_in", 7 0, v0x56547e730150_0;  1 drivers
v0x56547e72fbd0_0 .net "s0", 0 0, v0x56547e7301f0_0;  1 drivers
v0x56547e72fc70_0 .net "s1", 0 0, v0x56547e730290_0;  1 drivers
v0x56547e72fd10_0 .net "shift_left_input", 0 0, v0x56547e730380_0;  1 drivers
v0x56547e72fe00_0 .net "shift_right_input", 0 0, v0x56547e730420_0;  1 drivers
L_0x56547e7339c0 .part v0x56547e730150_0, 0, 4;
L_0x56547e733a60 .part L_0x56547e737480, 4, 1;
L_0x56547e737310 .part v0x56547e730150_0, 4, 4;
L_0x56547e7373b0 .part L_0x56547e737480, 3, 1;
L_0x56547e737480 .concat8 [ 4 4 0 0], L_0x56547e733920, L_0x56547e737270;
S_0x56547e6fa860 .scope module, "four_to_seven" "fourbitsr" 3 9, 4 4 0, S_0x56547e7070b0;
 .timescale 0 0;
    .port_info 0 /INPUT 1 "clk"
    .port_info 1 /INPUT 1 "s0"
    .port_info 2 /INPUT 1 "s1"
    .port_info 3 /INPUT 4 "parallel_in"
    .port_info 4 /INPUT 1 "shift_left_input"
    .port_info 5 /INPUT 1 "shift_right_input"
    .port_info 6 /OUTPUT 4 "out"
v0x56547e728d90_0 .net "clk", 0 0, v0x56547e72ffd0_0;  alias, 1 drivers
v0x56547e728ee0 .array "d", 0 3;
v0x56547e728ee0_0 .net v0x56547e728ee0 0, 0 0, L_0x56547e7341a0; 1 drivers
v0x56547e728ee0_1 .net v0x56547e728ee0 1, 0 0, L_0x56547e7354e0; 1 drivers
v0x56547e728ee0_2 .net v0x56547e728ee0 2, 0 0, L_0x56547e7360f0; 1 drivers
v0x56547e728ee0_3 .net v0x56547e728ee0 3, 0 0, L_0x56547e736c40; 1 drivers
v0x56547e729040 .array "negout", 0 3;
v0x56547e729040_0 .net v0x56547e729040 0, 0 0, v0x56547e7057d0_0; 1 drivers
v0x56547e729040_1 .net v0x56547e729040 1, 0 0, v0x56547e724200_0; 1 drivers
v0x56547e729040_2 .net v0x56547e729040 2, 0 0, v0x56547e724830_0; 1 drivers
v0x56547e729040_3 .net v0x56547e729040 3, 0 0, v0x56547e724e30_0; 1 drivers
v0x56547e729140_0 .net "out", 3 0, L_0x56547e737270;  1 drivers
v0x56547e7291e0_0 .net "parallel_in", 3 0, L_0x56547e737310;  1 drivers
v0x56547e7292d0_0 .net "s0", 0 0, v0x56547e7301f0_0;  alias, 1 drivers
v0x56547e729400_0 .net "s1", 0 0, v0x56547e730290_0;  alias, 1 drivers
v0x56547e729530_0 .net "shift_left_input", 0 0, L_0x56547e7373b0;  1 drivers
v0x56547e7295d0_0 .net "shift_right_input", 0 0, v0x56547e730420_0;  alias, 1 drivers
L_0x56547e734380 .part L_0x56547e737270, 0, 1;
L_0x56547e734470 .part L_0x56547e737270, 1, 1;
L_0x56547e7345b0 .part L_0x56547e737310, 0, 1;
L_0x56547e7356c0 .part L_0x56547e737270, 1, 1;
L_0x56547e7357e0 .part L_0x56547e737270, 2, 1;
L_0x56547e735960 .part L_0x56547e737270, 0, 1;
L_0x56547e735a00 .part L_0x56547e737310, 1, 1;
L_0x56547e7362d0 .part L_0x56547e737270, 2, 1;
L_0x56547e736410 .part L_0x56547e737270, 3, 1;
L_0x56547e736500 .part L_0x56547e737270, 1, 1;
L_0x56547e736650 .part L_0x56547e737310, 2, 1;
L_0x56547e736e20 .part L_0x56547e737270, 3, 1;
L_0x56547e736f80 .part L_0x56547e737270, 2, 1;
L_0x56547e737070 .part L_0x56547e737310, 3, 1;
L_0x56547e737270 .concat8 [ 1 1 1 1], v0x56547e706710_0, v0x56547e705050_0, v0x56547e724790_0, v0x56547e724d60_0;
S_0x56547e708530 .scope module, "dff0" "dff" 4 17, 5 1 0, S_0x56547e6fa860;
 .timescale 0 0;
    .port_info 0 /INPUT 1 "d"
    .port_info 1 /INPUT 1 "clk"
    .port_info 2 /OUTPUT 1 "q"
    .port_info 3 /OUTPUT 1 "q_bar"
v0x56547e6f6890_0 .net "clk", 0 0, v0x56547e72ffd0_0;  alias, 1 drivers
v0x56547e707650_0 .net "d", 0 0, L_0x56547e7341a0;  alias, 1 drivers
v0x56547e706710_0 .var "q", 0 0;
v0x56547e7057d0_0 .var "q_bar", 0 0;
E_0x56547e6a6a90 .event posedge, v0x56547e6f6890_0;
S_0x56547e723fa0 .scope module, "dff1" "dff" 4 18, 5 1 0, S_0x56547e6fa860;
 .timescale 0 0;
    .port_info 0 /INPUT 1 "d"
    .port_info 1 /INPUT 1 "clk"
    .port_info 2 /OUTPUT 1 "q"
    .port_info 3 /OUTPUT 1 "q_bar"
v0x56547e705f90_0 .net "clk", 0 0, v0x56547e72ffd0_0;  alias, 1 drivers
v0x56547e6f7fc0_0 .net "d", 0 0, L_0x56547e7354e0;  alias, 1 drivers
v0x56547e705050_0 .var "q", 0 0;
v0x56547e724200_0 .var "q_bar", 0 0;
S_0x56547e724370 .scope module, "dff2" "dff" 4 19, 5 1 0, S_0x56547e6fa860;
 .timescale 0 0;
    .port_info 0 /INPUT 1 "d"
    .port_info 1 /INPUT 1 "clk"
    .port_info 2 /OUTPUT 1 "q"
    .port_info 3 /OUTPUT 1 "q_bar"
v0x56547e7245e0_0 .net "clk", 0 0, v0x56547e72ffd0_0;  alias, 1 drivers
v0x56547e7246d0_0 .net "d", 0 0, L_0x56547e7360f0;  alias, 1 drivers
v0x56547e724790_0 .var "q", 0 0;
v0x56547e724830_0 .var "q_bar", 0 0;
S_0x56547e7249a0 .scope module, "dff3" "dff" 4 20, 5 1 0, S_0x56547e6fa860;
 .timescale 0 0;
    .port_info 0 /INPUT 1 "d"
    .port_info 1 /INPUT 1 "clk"
    .port_info 2 /OUTPUT 1 "q"
    .port_info 3 /OUTPUT 1 "q_bar"
v0x56547e724be0_0 .net "clk", 0 0, v0x56547e72ffd0_0;  alias, 1 drivers
v0x56547e724ca0_0 .net "d", 0 0, L_0x56547e736c40;  alias, 1 drivers
v0x56547e724d60_0 .var "q", 0 0;
v0x56547e724e30_0 .var "q_bar", 0 0;
S_0x56547e724fa0 .scope module, "mux0" "mux" 4 12, 6 1 0, S_0x56547e6fa860;
 .timescale 0 0;
    .port_info 0 /INPUT 1 "s0"
    .port_info 1 /INPUT 1 "s1"
    .port_info 2 /INPUT 1 "i0"
    .port_info 3 /INPUT 1 "i1"
    .port_info 4 /INPUT 1 "i2"
    .port_info 5 /INPUT 1 "i3"
    .port_info 6 /OUTPUT 1 "o"
L_0x56547e733650 .functor AND 1, L_0x56547e733b80, L_0x56547e733c40, L_0x56547e734380, C4<1>;
L_0x56547e733b80 .functor NOT 1, v0x56547e7301f0_0, C4<0>, C4<0>, C4<0>;
L_0x56547e733c40 .functor NOT 1, v0x56547e730290_0, C4<0>, C4<0>, C4<0>;
L_0x56547e733d00 .functor AND 1, v0x56547e7301f0_0, L_0x56547e733e00, L_0x56547e734470, C4<1>;
L_0x56547e733e00 .functor NOT 1, v0x56547e730290_0, C4<0>, C4<0>, C4<0>;
L_0x56547e733ec0 .functor AND 1, L_0x56547e734020, v0x56547e730290_0, L_0x56547e7373b0, C4<1>;
L_0x56547e734020 .functor NOT 1, v0x56547e7301f0_0, C4<0>, C4<0>, C4<0>;
L_0x56547e7340e0 .functor AND 1, v0x56547e7301f0_0, v0x56547e730290_0, L_0x56547e7345b0, C4<1>;
L_0x56547e7341a0 .functor OR 1, L_0x56547e733650, L_0x56547e733d00, L_0x56547e733ec0, L_0x56547e7340e0;
v0x56547e725270_0 .net *"_s0", 0 0, L_0x56547e733b80;  1 drivers
v0x56547e725370_0 .net *"_s2", 0 0, L_0x56547e733c40;  1 drivers
v0x56547e725450_0 .net *"_s4", 0 0, L_0x56547e733e00;  1 drivers
v0x56547e725510_0 .net *"_s6", 0 0, L_0x56547e734020;  1 drivers
v0x56547e7255f0_0 .net "i0", 0 0, L_0x56547e734380;  1 drivers
v0x56547e725700_0 .net "i1", 0 0, L_0x56547e734470;  1 drivers
v0x56547e7257c0_0 .net "i2", 0 0, L_0x56547e7373b0;  alias, 1 drivers
v0x56547e725880_0 .net "i3", 0 0, L_0x56547e7345b0;  1 drivers
v0x56547e725940_0 .net "o", 0 0, L_0x56547e7341a0;  alias, 1 drivers
v0x56547e7259e0_0 .net "s0", 0 0, v0x56547e7301f0_0;  alias, 1 drivers
v0x56547e725a80_0 .net "s1", 0 0, v0x56547e730290_0;  alias, 1 drivers
v0x56547e725b40_0 .net "w0", 0 0, L_0x56547e733650;  1 drivers
v0x56547e725c00_0 .net "w1", 0 0, L_0x56547e733d00;  1 drivers
v0x56547e725cc0_0 .net "w2", 0 0, L_0x56547e733ec0;  1 drivers
v0x56547e725d80_0 .net "w3", 0 0, L_0x56547e7340e0;  1 drivers
S_0x56547e725f20 .scope module, "mux1" "mux" 4 13, 6 1 0, S_0x56547e6fa860;
 .timescale 0 0;
    .port_info 0 /INPUT 1 "s0"
    .port_info 1 /INPUT 1 "s1"
    .port_info 2 /INPUT 1 "i0"
    .port_info 3 /INPUT 1 "i1"
    .port_info 4 /INPUT 1 "i2"
    .port_info 5 /INPUT 1 "i3"
    .port_info 6 /OUTPUT 1 "o"
L_0x56547e7346a0 .functor AND 1, L_0x56547e734710, L_0x56547e734be0, L_0x56547e7356c0, C4<1>;
L_0x56547e734710 .functor NOT 1, v0x56547e7301f0_0, C4<0>, C4<0>, C4<0>;
L_0x56547e734be0 .functor NOT 1, v0x56547e730290_0, C4<0>, C4<0>, C4<0>;
L_0x56547e735060 .functor AND 1, v0x56547e7301f0_0, L_0x56547e735130, L_0x56547e7357e0, C4<1>;
L_0x56547e735130 .functor NOT 1, v0x56547e730290_0, C4<0>, C4<0>, C4<0>;
L_0x56547e7351f0 .functor AND 1, L_0x56547e735330, v0x56547e730290_0, L_0x56547e735960, C4<1>;
L_0x56547e735330 .functor NOT 1, v0x56547e7301f0_0, C4<0>, C4<0>, C4<0>;
L_0x56547e7353f0 .functor AND 1, v0x56547e7301f0_0, v0x56547e730290_0, L_0x56547e735a00, C4<1>;
L_0x56547e7354e0 .functor OR 1, L_0x56547e7346a0, L_0x56547e735060, L_0x56547e7351f0, L_0x56547e7353f0;
v0x56547e726150_0 .net *"_s0", 0 0, L_0x56547e734710;  1 drivers
v0x56547e726250_0 .net *"_s2", 0 0, L_0x56547e734be0;  1 drivers
v0x56547e726330_0 .net *"_s4", 0 0, L_0x56547e735130;  1 drivers
v0x56547e7263f0_0 .net *"_s6", 0 0, L_0x56547e735330;  1 drivers
v0x56547e7264d0_0 .net "i0", 0 0, L_0x56547e7356c0;  1 drivers
v0x56547e7265e0_0 .net "i1", 0 0, L_0x56547e7357e0;  1 drivers
v0x56547e7266a0_0 .net "i2", 0 0, L_0x56547e735960;  1 drivers
v0x56547e726760_0 .net "i3", 0 0, L_0x56547e735a00;  1 drivers
v0x56547e726820_0 .net "o", 0 0, L_0x56547e7354e0;  alias, 1 drivers
v0x56547e7268c0_0 .net "s0", 0 0, v0x56547e7301f0_0;  alias, 1 drivers
v0x56547e726990_0 .net "s1", 0 0, v0x56547e730290_0;  alias, 1 drivers
v0x56547e726a60_0 .net "w0", 0 0, L_0x56547e7346a0;  1 drivers
v0x56547e726b00_0 .net "w1", 0 0, L_0x56547e735060;  1 drivers
v0x56547e726ba0_0 .net "w2", 0 0, L_0x56547e7351f0;  1 drivers
v0x56547e726c40_0 .net "w3", 0 0, L_0x56547e7353f0;  1 drivers
S_0x56547e726de0 .scope module, "mux2" "mux" 4 14, 6 1 0, S_0x56547e6fa860;
 .timescale 0 0;
    .port_info 0 /INPUT 1 "s0"
    .port_info 1 /INPUT 1 "s1"
    .port_info 2 /INPUT 1 "i0"
    .port_info 3 /INPUT 1 "i1"
    .port_info 4 /INPUT 1 "i2"
    .port_info 5 /INPUT 1 "i3"
    .port_info 6 /OUTPUT 1 "o"
L_0x56547e735b40 .functor AND 1, L_0x56547e735bb0, L_0x56547e735c70, L_0x56547e7362d0, C4<1>;
L_0x56547e735bb0 .functor NOT 1, v0x56547e7301f0_0, C4<0>, C4<0>, C4<0>;
L_0x56547e735c70 .functor NOT 1, v0x56547e730290_0, C4<0>, C4<0>, C4<0>;
L_0x56547e735d30 .functor AND 1, v0x56547e7301f0_0, L_0x56547e735da0, L_0x56547e736410, C4<1>;
L_0x56547e735da0 .functor NOT 1, v0x56547e730290_0, C4<0>, C4<0>, C4<0>;
L_0x56547e735e60 .functor AND 1, L_0x56547e735f40, v0x56547e730290_0, L_0x56547e736500, C4<1>;
L_0x56547e735f40 .functor NOT 1, v0x56547e7301f0_0, C4<0>, C4<0>, C4<0>;
L_0x56547e736000 .functor AND 1, v0x56547e7301f0_0, v0x56547e730290_0, L_0x56547e736650, C4<1>;
L_0x56547e7360f0 .functor OR 1, L_0x56547e735b40, L_0x56547e735d30, L_0x56547e735e60, L_0x56547e736000;
v0x56547e727010_0 .net *"_s0", 0 0, L_0x56547e735bb0;  1 drivers
v0x56547e727110_0 .net *"_s2", 0 0, L_0x56547e735c70;  1 drivers
v0x56547e7271f0_0 .net *"_s4", 0 0, L_0x56547e735da0;  1 drivers
v0x56547e7272e0_0 .net *"_s6", 0 0, L_0x56547e735f40;  1 drivers
v0x56547e7273c0_0 .net "i0", 0 0, L_0x56547e7362d0;  1 drivers
v0x56547e7274d0_0 .net "i1", 0 0, L_0x56547e736410;  1 drivers
v0x56547e727590_0 .net "i2", 0 0, L_0x56547e736500;  1 drivers
v0x56547e727650_0 .net "i3", 0 0, L_0x56547e736650;  1 drivers
v0x56547e727710_0 .net "o", 0 0, L_0x56547e7360f0;  alias, 1 drivers
v0x56547e727840_0 .net "s0", 0 0, v0x56547e7301f0_0;  alias, 1 drivers
v0x56547e7278e0_0 .net "s1", 0 0, v0x56547e730290_0;  alias, 1 drivers
v0x56547e7279d0_0 .net "w0", 0 0, L_0x56547e735b40;  1 drivers
v0x56547e727a70_0 .net "w1", 0 0, L_0x56547e735d30;  1 drivers
v0x56547e727b30_0 .net "w2", 0 0, L_0x56547e735e60;  1 drivers
v0x56547e727bf0_0 .net "w3", 0 0, L_0x56547e736000;  1 drivers
S_0x56547e727dd0 .scope module, "mux3" "mux" 4 15, 6 1 0, S_0x56547e6fa860;
 .timescale 0 0;
    .port_info 0 /INPUT 1 "s0"
    .port_info 1 /INPUT 1 "s1"
    .port_info 2 /INPUT 1 "i0"
    .port_info 3 /INPUT 1 "i1"
    .port_info 4 /INPUT 1 "i2"
    .port_info 5 /INPUT 1 "i3"
    .port_info 6 /OUTPUT 1 "o"
L_0x56547e7366f0 .functor AND 1, L_0x56547e736760, L_0x56547e736820, L_0x56547e736e20, C4<1>;
L_0x56547e736760 .functor NOT 1, v0x56547e7301f0_0, C4<0>, C4<0>, C4<0>;
L_0x56547e736820 .functor NOT 1, v0x56547e730290_0, C4<0>, C4<0>, C4<0>;
L_0x56547e7368e0 .functor AND 1, v0x56547e7301f0_0, L_0x56547e736950, v0x56547e730420_0, C4<1>;
L_0x56547e736950 .functor NOT 1, v0x56547e730290_0, C4<0>, C4<0>, C4<0>;
L_0x56547e7369c0 .functor AND 1, L_0x56547e736a90, v0x56547e730290_0, L_0x56547e736f80, C4<1>;
L_0x56547e736a90 .functor NOT 1, v0x56547e7301f0_0, C4<0>, C4<0>, C4<0>;
L_0x56547e736b50 .functor AND 1, v0x56547e7301f0_0, v0x56547e730290_0, L_0x56547e737070, C4<1>;
L_0x56547e736c40 .functor OR 1, L_0x56547e7366f0, L_0x56547e7368e0, L_0x56547e7369c0, L_0x56547e736b50;
v0x56547e728050_0 .net *"_s0", 0 0, L_0x56547e736760;  1 drivers
v0x56547e728150_0 .net *"_s2", 0 0, L_0x56547e736820;  1 drivers
v0x56547e728230_0 .net *"_s4", 0 0, L_0x56547e736950;  1 drivers
v0x56547e7282f0_0 .net *"_s6", 0 0, L_0x56547e736a90;  1 drivers
v0x56547e7283d0_0 .net "i0", 0 0, L_0x56547e736e20;  1 drivers
v0x56547e7284e0_0 .net "i1", 0 0, v0x56547e730420_0;  alias, 1 drivers
v0x56547e7285a0_0 .net "i2", 0 0, L_0x56547e736f80;  1 drivers
v0x56547e728660_0 .net "i3", 0 0, L_0x56547e737070;  1 drivers
v0x56547e728720_0 .net "o", 0 0, L_0x56547e736c40;  alias, 1 drivers
v0x56547e728850_0 .net "s0", 0 0, v0x56547e7301f0_0;  alias, 1 drivers
v0x56547e7288f0_0 .net "s1", 0 0, v0x56547e730290_0;  alias, 1 drivers
v0x56547e728990_0 .net "w0", 0 0, L_0x56547e7366f0;  1 drivers
v0x56547e728a30_0 .net "w1", 0 0, L_0x56547e7368e0;  1 drivers
v0x56547e728af0_0 .net "w2", 0 0, L_0x56547e7369c0;  1 drivers
v0x56547e728bb0_0 .net "w3", 0 0, L_0x56547e736b50;  1 drivers
S_0x56547e729790 .scope module, "zero_to_three" "fourbitsr" 3 8, 4 4 0, S_0x56547e7070b0;
 .timescale 0 0;
    .port_info 0 /INPUT 1 "clk"
    .port_info 1 /INPUT 1 "s0"
    .port_info 2 /INPUT 1 "s1"
    .port_info 3 /INPUT 4 "parallel_in"
    .port_info 4 /INPUT 1 "shift_left_input"
    .port_info 5 /INPUT 1 "shift_right_input"
    .port_info 6 /OUTPUT 4 "out"
v0x56547e72f100_0 .net "clk", 0 0, v0x56547e72ffd0_0;  alias, 1 drivers
v0x56547e72f1c0 .array "d", 0 3;
v0x56547e72f1c0_0 .net v0x56547e72f1c0 0, 0 0, L_0x56547e730ba0; 1 drivers
v0x56547e72f1c0_1 .net v0x56547e72f1c0 1, 0 0, L_0x56547e731b30; 1 drivers
v0x56547e72f1c0_2 .net v0x56547e72f1c0 2, 0 0, L_0x56547e732780; 1 drivers
v0x56547e72f1c0_3 .net v0x56547e72f1c0 3, 0 0, L_0x56547e733380; 1 drivers
v0x56547e72f3a0 .array "negout", 0 3;
v0x56547e72f3a0_0 .net v0x56547e72f3a0 0, 0 0, v0x56547e729e50_0; 1 drivers
v0x56547e72f3a0_1 .net v0x56547e72f3a0 1, 0 0, v0x56547e72a400_0; 1 drivers
v0x56547e72f3a0_2 .net v0x56547e72f3a0 2, 0 0, v0x56547e72aa10_0; 1 drivers
v0x56547e72f3a0_3 .net v0x56547e72f3a0 3, 0 0, v0x56547e72b010_0; 1 drivers
v0x56547e72f4a0_0 .net "out", 3 0, L_0x56547e733920;  1 drivers
v0x56547e72f540_0 .net "parallel_in", 3 0, L_0x56547e7339c0;  1 drivers
v0x56547e72f630_0 .net "s0", 0 0, v0x56547e7301f0_0;  alias, 1 drivers
v0x56547e72f6d0_0 .net "s1", 0 0, v0x56547e730290_0;  alias, 1 drivers
v0x56547e72f770_0 .net "shift_left_input", 0 0, v0x56547e730380_0;  alias, 1 drivers
v0x56547e72f810_0 .net "shift_right_input", 0 0, L_0x56547e733a60;  1 drivers
L_0x56547e730d80 .part L_0x56547e733920, 0, 1;
L_0x56547e730e70 .part L_0x56547e733920, 1, 1;
L_0x56547e730fb0 .part L_0x56547e7339c0, 0, 1;
L_0x56547e731d10 .part L_0x56547e733920, 1, 1;
L_0x56547e731e30 .part L_0x56547e733920, 2, 1;
L_0x56547e731fb0 .part L_0x56547e733920, 0, 1;
L_0x56547e732090 .part L_0x56547e7339c0, 1, 1;
L_0x56547e732960 .part L_0x56547e733920, 2, 1;
L_0x56547e732aa0 .part L_0x56547e733920, 3, 1;
L_0x56547e732b90 .part L_0x56547e733920, 1, 1;
L_0x56547e732ce0 .part L_0x56547e7339c0, 2, 1;
L_0x56547e733560 .part L_0x56547e733920, 3, 1;
L_0x56547e7336c0 .part L_0x56547e733920, 2, 1;
L_0x56547e7337b0 .part L_0x56547e7339c0, 3, 1;
L_0x56547e733920 .concat8 [ 1 1 1 1], v0x56547e729d80_0, v0x56547e72a330_0, v0x56547e72a940_0, v0x56547e72af40_0;
S_0x56547e7299e0 .scope module, "dff0" "dff" 4 17, 5 1 0, S_0x56547e729790;
 .timescale 0 0;
    .port_info 0 /INPUT 1 "d"
    .port_info 1 /INPUT 1 "clk"
    .port_info 2 /OUTPUT 1 "q"
    .port_info 3 /OUTPUT 1 "q_bar"
v0x56547e729c00_0 .net "clk", 0 0, v0x56547e72ffd0_0;  alias, 1 drivers
v0x56547e729cc0_0 .net "d", 0 0, L_0x56547e730ba0;  alias, 1 drivers
v0x56547e729d80_0 .var "q", 0 0;
v0x56547e729e50_0 .var "q_bar", 0 0;
S_0x56547e729fc0 .scope module, "dff1" "dff" 4 18, 5 1 0, S_0x56547e729790;
 .timescale 0 0;
    .port_info 0 /INPUT 1 "d"
    .port_info 1 /INPUT 1 "clk"
    .port_info 2 /OUTPUT 1 "q"
    .port_info 3 /OUTPUT 1 "q_bar"
v0x56547e72a1d0_0 .net "clk", 0 0, v0x56547e72ffd0_0;  alias, 1 drivers
v0x56547e72a270_0 .net "d", 0 0, L_0x56547e731b30;  alias, 1 drivers
v0x56547e72a330_0 .var "q", 0 0;
v0x56547e72a400_0 .var "q_bar", 0 0;
S_0x56547e72a570 .scope module, "dff2" "dff" 4 19, 5 1 0, S_0x56547e729790;
 .timescale 0 0;
    .port_info 0 /INPUT 1 "d"
    .port_info 1 /INPUT 1 "clk"
    .port_info 2 /OUTPUT 1 "q"
    .port_info 3 /OUTPUT 1 "q_bar"
v0x56547e72a7e0_0 .net "clk", 0 0, v0x56547e72ffd0_0;  alias, 1 drivers
v0x56547e72a880_0 .net "d", 0 0, L_0x56547e732780;  alias, 1 drivers
v0x56547e72a940_0 .var "q", 0 0;
v0x56547e72aa10_0 .var "q_bar", 0 0;
S_0x56547e72ab80 .scope module, "dff3" "dff" 4 20, 5 1 0, S_0x56547e729790;
 .timescale 0 0;
    .port_info 0 /INPUT 1 "d"
    .port_info 1 /INPUT 1 "clk"
    .port_info 2 /OUTPUT 1 "q"
    .port_info 3 /OUTPUT 1 "q_bar"
v0x56547e72adc0_0 .net "clk", 0 0, v0x56547e72ffd0_0;  alias, 1 drivers
v0x56547e72ae80_0 .net "d", 0 0, L_0x56547e733380;  alias, 1 drivers
v0x56547e72af40_0 .var "q", 0 0;
v0x56547e72b010_0 .var "q_bar", 0 0;
S_0x56547e72b180 .scope module, "mux0" "mux" 4 12, 6 1 0, S_0x56547e729790;
 .timescale 0 0;
    .port_info 0 /INPUT 1 "s0"
    .port_info 1 /INPUT 1 "s1"
    .port_info 2 /INPUT 1 "i0"
    .port_info 3 /INPUT 1 "i1"
    .port_info 4 /INPUT 1 "i2"
    .port_info 5 /INPUT 1 "i3"
    .port_info 6 /OUTPUT 1 "o"
L_0x56547e7304c0 .functor AND 1, L_0x56547e7305f0, L_0x56547e7306b0, L_0x56547e730d80, C4<1>;
L_0x56547e7305f0 .functor NOT 1, v0x56547e7301f0_0, C4<0>, C4<0>, C4<0>;
L_0x56547e7306b0 .functor NOT 1, v0x56547e730290_0, C4<0>, C4<0>, C4<0>;
L_0x56547e730770 .functor AND 1, v0x56547e7301f0_0, L_0x56547e730870, L_0x56547e730e70, C4<1>;
L_0x56547e730870 .functor NOT 1, v0x56547e730290_0, C4<0>, C4<0>, C4<0>;
L_0x56547e730930 .functor AND 1, L_0x56547e730a40, v0x56547e730290_0, v0x56547e730380_0, C4<1>;
L_0x56547e730a40 .functor NOT 1, v0x56547e7301f0_0, C4<0>, C4<0>, C4<0>;
L_0x56547e730ab0 .functor AND 1, v0x56547e7301f0_0, v0x56547e730290_0, L_0x56547e730fb0, C4<1>;
L_0x56547e730ba0 .functor OR 1, L_0x56547e7304c0, L_0x56547e730770, L_0x56547e730930, L_0x56547e730ab0;
v0x56547e72b490_0 .net *"_s0", 0 0, L_0x56547e7305f0;  1 drivers
v0x56547e72b590_0 .net *"_s2", 0 0, L_0x56547e7306b0;  1 drivers
v0x56547e72b670_0 .net *"_s4", 0 0, L_0x56547e730870;  1 drivers
v0x56547e72b730_0 .net *"_s6", 0 0, L_0x56547e730a40;  1 drivers
v0x56547e72b810_0 .net "i0", 0 0, L_0x56547e730d80;  1 drivers
v0x56547e72b920_0 .net "i1", 0 0, L_0x56547e730e70;  1 drivers
v0x56547e72b9e0_0 .net "i2", 0 0, v0x56547e730380_0;  alias, 1 drivers
v0x56547e72baa0_0 .net "i3", 0 0, L_0x56547e730fb0;  1 drivers
v0x56547e72bb60_0 .net "o", 0 0, L_0x56547e730ba0;  alias, 1 drivers
v0x56547e72bc00_0 .net "s0", 0 0, v0x56547e7301f0_0;  alias, 1 drivers
v0x56547e72bca0_0 .net "s1", 0 0, v0x56547e730290_0;  alias, 1 drivers
v0x56547e72bd40_0 .net "w0", 0 0, L_0x56547e7304c0;  1 drivers
v0x56547e72bde0_0 .net "w1", 0 0, L_0x56547e730770;  1 drivers
v0x56547e72bea0_0 .net "w2", 0 0, L_0x56547e730930;  1 drivers
v0x56547e72bf60_0 .net "w3", 0 0, L_0x56547e730ab0;  1 drivers
S_0x56547e72c140 .scope module, "mux1" "mux" 4 13, 6 1 0, S_0x56547e729790;
 .timescale 0 0;
    .port_info 0 /INPUT 1 "s0"
    .port_info 1 /INPUT 1 "s1"
    .port_info 2 /INPUT 1 "i0"
    .port_info 3 /INPUT 1 "i1"
    .port_info 4 /INPUT 1 "i2"
    .port_info 5 /INPUT 1 "i3"
    .port_info 6 /OUTPUT 1 "o"
L_0x56547e7310a0 .functor AND 1, L_0x56547e731110, L_0x56547e7313e0, L_0x56547e731d10, C4<1>;
L_0x56547e731110 .functor NOT 1, v0x56547e7301f0_0, C4<0>, C4<0>, C4<0>;
L_0x56547e7313e0 .functor NOT 1, v0x56547e730290_0, C4<0>, C4<0>, C4<0>;
L_0x56547e7316b0 .functor AND 1, v0x56547e7301f0_0, L_0x56547e731780, L_0x56547e731e30, C4<1>;
L_0x56547e731780 .functor NOT 1, v0x56547e730290_0, C4<0>, C4<0>, C4<0>;
L_0x56547e731840 .functor AND 1, L_0x56547e731980, v0x56547e730290_0, L_0x56547e731fb0, C4<1>;
L_0x56547e731980 .functor NOT 1, v0x56547e7301f0_0, C4<0>, C4<0>, C4<0>;
L_0x56547e731a40 .functor AND 1, v0x56547e7301f0_0, v0x56547e730290_0, L_0x56547e732090, C4<1>;
L_0x56547e731b30 .functor OR 1, L_0x56547e7310a0, L_0x56547e7316b0, L_0x56547e731840, L_0x56547e731a40;
v0x56547e72c370_0 .net *"_s0", 0 0, L_0x56547e731110;  1 drivers
v0x56547e72c470_0 .net *"_s2", 0 0, L_0x56547e7313e0;  1 drivers
v0x56547e72c550_0 .net *"_s4", 0 0, L_0x56547e731780;  1 drivers
v0x56547e72c610_0 .net *"_s6", 0 0, L_0x56547e731980;  1 drivers
v0x56547e72c6f0_0 .net "i0", 0 0, L_0x56547e731d10;  1 drivers
v0x56547e72c800_0 .net "i1", 0 0, L_0x56547e731e30;  1 drivers
v0x56547e72c8c0_0 .net "i2", 0 0, L_0x56547e731fb0;  1 drivers
v0x56547e72c980_0 .net "i3", 0 0, L_0x56547e732090;  1 drivers
v0x56547e72ca40_0 .net "o", 0 0, L_0x56547e731b30;  alias, 1 drivers
v0x56547e72cb70_0 .net "s0", 0 0, v0x56547e7301f0_0;  alias, 1 drivers
v0x56547e72cc10_0 .net "s1", 0 0, v0x56547e730290_0;  alias, 1 drivers
v0x56547e72ccb0_0 .net "w0", 0 0, L_0x56547e7310a0;  1 drivers
v0x56547e72cd50_0 .net "w1", 0 0, L_0x56547e7316b0;  1 drivers
v0x56547e72ce10_0 .net "w2", 0 0, L_0x56547e731840;  1 drivers
v0x56547e72ced0_0 .net "w3", 0 0, L_0x56547e731a40;  1 drivers
S_0x56547e72d0b0 .scope module, "mux2" "mux" 4 14, 6 1 0, S_0x56547e729790;
 .timescale 0 0;
    .port_info 0 /INPUT 1 "s0"
    .port_info 1 /INPUT 1 "s1"
    .port_info 2 /INPUT 1 "i0"
    .port_info 3 /INPUT 1 "i1"
    .port_info 4 /INPUT 1 "i2"
    .port_info 5 /INPUT 1 "i3"
    .port_info 6 /OUTPUT 1 "o"
L_0x56547e7321d0 .functor AND 1, L_0x56547e732240, L_0x56547e732300, L_0x56547e732960, C4<1>;
L_0x56547e732240 .functor NOT 1, v0x56547e7301f0_0, C4<0>, C4<0>, C4<0>;
L_0x56547e732300 .functor NOT 1, v0x56547e730290_0, C4<0>, C4<0>, C4<0>;
L_0x56547e7323c0 .functor AND 1, v0x56547e7301f0_0, L_0x56547e732430, L_0x56547e732aa0, C4<1>;
L_0x56547e732430 .functor NOT 1, v0x56547e730290_0, C4<0>, C4<0>, C4<0>;
L_0x56547e7324f0 .functor AND 1, L_0x56547e7325d0, v0x56547e730290_0, L_0x56547e732b90, C4<1>;
L_0x56547e7325d0 .functor NOT 1, v0x56547e7301f0_0, C4<0>, C4<0>, C4<0>;
L_0x56547e732690 .functor AND 1, v0x56547e7301f0_0, v0x56547e730290_0, L_0x56547e732ce0, C4<1>;
L_0x56547e732780 .functor OR 1, L_0x56547e7321d0, L_0x56547e7323c0, L_0x56547e7324f0, L_0x56547e732690;
v0x56547e72d2e0_0 .net *"_s0", 0 0, L_0x56547e732240;  1 drivers
v0x56547e72d3e0_0 .net *"_s2", 0 0, L_0x56547e732300;  1 drivers
v0x56547e72d4c0_0 .net *"_s4", 0 0, L_0x56547e732430;  1 drivers
v0x56547e72d5b0_0 .net *"_s6", 0 0, L_0x56547e7325d0;  1 drivers
v0x56547e72d690_0 .net "i0", 0 0, L_0x56547e732960;  1 drivers
v0x56547e72d7a0_0 .net "i1", 0 0, L_0x56547e732aa0;  1 drivers
v0x56547e72d860_0 .net "i2", 0 0, L_0x56547e732b90;  1 drivers
v0x56547e72d920_0 .net "i3", 0 0, L_0x56547e732ce0;  1 drivers
v0x56547e72d9e0_0 .net "o", 0 0, L_0x56547e732780;  alias, 1 drivers
v0x56547e72db10_0 .net "s0", 0 0, v0x56547e7301f0_0;  alias, 1 drivers
v0x56547e72dbb0_0 .net "s1", 0 0, v0x56547e730290_0;  alias, 1 drivers
v0x56547e72dc50_0 .net "w0", 0 0, L_0x56547e7321d0;  1 drivers
v0x56547e72dcf0_0 .net "w1", 0 0, L_0x56547e7323c0;  1 drivers
v0x56547e72ddb0_0 .net "w2", 0 0, L_0x56547e7324f0;  1 drivers
v0x56547e72de70_0 .net "w3", 0 0, L_0x56547e732690;  1 drivers
S_0x56547e72e050 .scope module, "mux3" "mux" 4 15, 6 1 0, S_0x56547e729790;
 .timescale 0 0;
    .port_info 0 /INPUT 1 "s0"
    .port_info 1 /INPUT 1 "s1"
    .port_info 2 /INPUT 1 "i0"
    .port_info 3 /INPUT 1 "i1"
    .port_info 4 /INPUT 1 "i2"
    .port_info 5 /INPUT 1 "i3"
    .port_info 6 /OUTPUT 1 "o"
L_0x56547e732d80 .functor AND 1, L_0x56547e732df0, L_0x56547e732eb0, L_0x56547e733560, C4<1>;
L_0x56547e732df0 .functor NOT 1, v0x56547e7301f0_0, C4<0>, C4<0>, C4<0>;
L_0x56547e732eb0 .functor NOT 1, v0x56547e730290_0, C4<0>, C4<0>, C4<0>;
L_0x56547e732f70 .functor AND 1, v0x56547e7301f0_0, L_0x56547e733030, L_0x56547e733a60, C4<1>;
L_0x56547e733030 .functor NOT 1, v0x56547e730290_0, C4<0>, C4<0>, C4<0>;
L_0x56547e7330f0 .functor AND 1, L_0x56547e7331d0, v0x56547e730290_0, L_0x56547e7336c0, C4<1>;
L_0x56547e7331d0 .functor NOT 1, v0x56547e7301f0_0, C4<0>, C4<0>, C4<0>;
L_0x56547e733290 .functor AND 1, v0x56547e7301f0_0, v0x56547e730290_0, L_0x56547e7337b0, C4<1>;
L_0x56547e733380 .functor OR 1, L_0x56547e732d80, L_0x56547e732f70, L_0x56547e7330f0, L_0x56547e733290;
v0x56547e72e280_0 .net *"_s0", 0 0, L_0x56547e732df0;  1 drivers
v0x56547e72e380_0 .net *"_s2", 0 0, L_0x56547e732eb0;  1 drivers
v0x56547e72e460_0 .net *"_s4", 0 0, L_0x56547e733030;  1 drivers
v0x56547e72e550_0 .net *"_s6", 0 0, L_0x56547e7331d0;  1 drivers
v0x56547e72e630_0 .net "i0", 0 0, L_0x56547e733560;  1 drivers
v0x56547e72e740_0 .net "i1", 0 0, L_0x56547e733a60;  alias, 1 drivers
v0x56547e72e800_0 .net "i2", 0 0, L_0x56547e7336c0;  1 drivers
v0x56547e72e8c0_0 .net "i3", 0 0, L_0x56547e7337b0;  1 drivers
v0x56547e72e980_0 .net "o", 0 0, L_0x56547e733380;  alias, 1 drivers
v0x56547e72eab0_0 .net "s0", 0 0, v0x56547e7301f0_0;  alias, 1 drivers
v0x56547e72eb50_0 .net "s1", 0 0, v0x56547e730290_0;  alias, 1 drivers
v0x56547e72ed00_0 .net "w0", 0 0, L_0x56547e732d80;  1 drivers
v0x56547e72eda0_0 .net "w1", 0 0, L_0x56547e732f70;  1 drivers
v0x56547e72ee60_0 .net "w2", 0 0, L_0x56547e7330f0;  1 drivers
v0x56547e72ef20_0 .net "w3", 0 0, L_0x56547e733290;  1 drivers
    .scope S_0x56547e7299e0;
T_0 ;
    %wait E_0x56547e6a6a90;
    %load/vec4 v0x56547e729cc0_0;
    %store/vec4 v0x56547e729d80_0, 0, 1;
    %load/vec4 v0x56547e729cc0_0;
    %inv;
    %store/vec4 v0x56547e729e50_0, 0, 1;
    %jmp T_0;
    .thread T_0;
    .scope S_0x56547e729fc0;
T_1 ;
    %wait E_0x56547e6a6a90;
    %load/vec4 v0x56547e72a270_0;
    %store/vec4 v0x56547e72a330_0, 0, 1;
    %load/vec4 v0x56547e72a270_0;
    %inv;
    %store/vec4 v0x56547e72a400_0, 0, 1;
    %jmp T_1;
    .thread T_1;
    .scope S_0x56547e72a570;
T_2 ;
    %wait E_0x56547e6a6a90;
    %load/vec4 v0x56547e72a880_0;
    %store/vec4 v0x56547e72a940_0, 0, 1;
    %load/vec4 v0x56547e72a880_0;
    %inv;
    %store/vec4 v0x56547e72aa10_0, 0, 1;
    %jmp T_2;
    .thread T_2;
    .scope S_0x56547e72ab80;
T_3 ;
    %wait E_0x56547e6a6a90;
    %load/vec4 v0x56547e72ae80_0;
    %store/vec4 v0x56547e72af40_0, 0, 1;
    %load/vec4 v0x56547e72ae80_0;
    %inv;
    %store/vec4 v0x56547e72b010_0, 0, 1;
    %jmp T_3;
    .thread T_3;
    .scope S_0x56547e708530;
T_4 ;
    %wait E_0x56547e6a6a90;
    %load/vec4 v0x56547e707650_0;
    %store/vec4 v0x56547e706710_0, 0, 1;
    %load/vec4 v0x56547e707650_0;
    %inv;
    %store/vec4 v0x56547e7057d0_0, 0, 1;
    %jmp T_4;
    .thread T_4;
    .scope S_0x56547e723fa0;
T_5 ;
    %wait E_0x56547e6a6a90;
    %load/vec4 v0x56547e6f7fc0_0;
    %store/vec4 v0x56547e705050_0, 0, 1;
    %load/vec4 v0x56547e6f7fc0_0;
    %inv;
    %store/vec4 v0x56547e724200_0, 0, 1;
    %jmp T_5;
    .thread T_5;
    .scope S_0x56547e724370;
T_6 ;
    %wait E_0x56547e6a6a90;
    %load/vec4 v0x56547e7246d0_0;
    %store/vec4 v0x56547e724790_0, 0, 1;
    %load/vec4 v0x56547e7246d0_0;
    %inv;
    %store/vec4 v0x56547e724830_0, 0, 1;
    %jmp T_6;
    .thread T_6;
    .scope S_0x56547e7249a0;
T_7 ;
    %wait E_0x56547e6a6a90;
    %load/vec4 v0x56547e724ca0_0;
    %store/vec4 v0x56547e724d60_0, 0, 1;
    %load/vec4 v0x56547e724ca0_0;
    %inv;
    %store/vec4 v0x56547e724e30_0, 0, 1;
    %jmp T_7;
    .thread T_7;
    .scope S_0x56547e6f90e0;
T_8 ;
    %pushi/vec4 1, 0, 1;
    %store/vec4 v0x56547e72ffd0_0, 0, 1;
    %end;
    .thread T_8;
    .scope S_0x56547e6f90e0;
T_9 ;
    %delay 5, 0;
    %load/vec4 v0x56547e72ffd0_0;
    %inv;
    %store/vec4 v0x56547e72ffd0_0, 0, 1;
    %jmp T_9;
    .thread T_9;
    .scope S_0x56547e6f90e0;
T_10 ;
    %pushi/vec4 170, 0, 8;
    %store/vec4 v0x56547e730150_0, 0, 8;
    %pushi/vec4 1, 0, 1;
    %store/vec4 v0x56547e7301f0_0, 0, 1;
    %pushi/vec4 1, 0, 1;
    %store/vec4 v0x56547e730290_0, 0, 1;
    %delay 10, 0;
    %pushi/vec4 0, 0, 1;
    %store/vec4 v0x56547e730380_0, 0, 1;
    %pushi/vec4 0, 0, 1;
    %store/vec4 v0x56547e7301f0_0, 0, 1;
    %delay 80, 0;
    %pushi/vec4 1, 0, 1;
    %store/vec4 v0x56547e730420_0, 0, 1;
    %pushi/vec4 0, 0, 1;
    %store/vec4 v0x56547e730290_0, 0, 1;
    %pushi/vec4 1, 0, 1;
    %store/vec4 v0x56547e7301f0_0, 0, 1;
    %delay 80, 0;
    %pushi/vec4 153, 0, 8;
    %store/vec4 v0x56547e730150_0, 0, 8;
    %pushi/vec4 1, 0, 1;
    %store/vec4 v0x56547e7301f0_0, 0, 1;
    %pushi/vec4 1, 0, 1;
    %store/vec4 v0x56547e730290_0, 0, 1;
    %delay 10, 0;
    %pushi/vec4 0, 0, 1;
    %store/vec4 v0x56547e7301f0_0, 0, 1;
    %pushi/vec4 0, 0, 1;
    %store/vec4 v0x56547e730290_0, 0, 1;
    %delay 30, 0;
    %pushi/vec4 240, 0, 8;
    %store/vec4 v0x56547e730150_0, 0, 8;
    %pushi/vec4 1, 0, 1;
    %store/vec4 v0x56547e7301f0_0, 0, 1;
    %pushi/vec4 1, 0, 1;
    %store/vec4 v0x56547e730290_0, 0, 1;
    %delay 10, 0;
    %pushi/vec4 0, 0, 1;
    %store/vec4 v0x56547e7301f0_0, 0, 1;
    %pushi/vec4 0, 0, 1;
    %store/vec4 v0x56547e730290_0, 0, 1;
    %pushi/vec4 15, 0, 8;
    %store/vec4 v0x56547e730150_0, 0, 8;
    %end;
    .thread T_10;
    .scope S_0x56547e6f90e0;
T_11 ;
    %vpi_call 2 27 "$monitor", $time, "  clk = %b  value = %b", v0x56547e72ffd0_0, v0x56547e730090_0 {0 0 0};
    %vpi_call 2 29 "$dumpfile", "8bit_sr.vcd" {0 0 0};
    %vpi_call 2 30 "$dumpvars" {0 0 0};
    %delay 250, 0;
    %vpi_call 2 31 "$finish" {0 0 0};
    %end;
    .thread T_11;
# The file index is used to find the file name in the following table.
:file_names 7;
    "N/A";
    "<interactive>";
    "8bit_sr_tb.v";
    "./8bit_sr.v";
    "./4bit_sr.v";
    "./dff_behavioural.v";
    "./4x1mux.v";
